<?xml version="1.0" encoding="UTF-8"?>
<testsuite name="As a user I need to validate the generation of a pdf file" tests="1" skipped="0" failures="0" errors="0" timestamp="2022-08-03T02:38:08" hostname="DESKTOP-SEHT7UQ" time="46.399">
  <properties/>
  <testcase name="Validate the generation of a pdf file" classname="As a user I need to validate the generation of a pdf file" time="46.399"/>
  <system-out><![CDATA[Feature from file:///C:/Users/UserQV/IdeaProjects/BanitsmoTestQA/src/test/resources/features/pdf_validation.feature
]]></system-out>
  <system-err><![CDATA[[Test worker] INFO  - 
 _____ _____ ____ _____   ____ _____  _    ____ _____ _____ ____  
|_   _| ____/ ___|_   _| / ___|_   _|/ \  |  _ \_   _| ____|  _ \ 
  | | |  _| \___ \ | |   \___ \ | | / _ \ | |_) || | |  _| | | | |
  | | | |___ ___) || |    ___) || |/ ___ \|  _ < | | | |___| |_| |
  |_| |_____|____/ |_|   |____/ |_/_/   \_\_| \_\|_| |_____|____/ 

Validate the generation of a pdf file(as-a-user-i-need-to-validate-the-generation-of-a-pdf-file;validate-the-generation-of-a-pdf-file)
-------------------------------------------------------------------
ago 02, 2022 9:38:09 PM org.openqa.selenium.remote.DesiredCapabilities chrome
INFORMACIÓN: Using `new ChromeOptions()` is preferred to `DesiredCapabilities.chrome()`
[Test worker] INFO net.serenitybdd.core.webdriver.driverproviders.ProvideNewDriver - Instantiating driver
[Test worker] INFO net.serenitybdd.core.webdriver.driverproviders.ProvideNewDriver - Driver capabilities: Capabilities {acceptInsecureCerts: false, acceptSslCerts: true, browserName: chrome, chrome.switches: --start-maximized, goog:chromeOptions: {args: [--start-maximized], extensions: [], prefs: {safebrowsing.enabled: false}}, loggingPrefs: org.openqa.selenium.logging..., platform: ANY, unhandledPromptBehavior: ignore, version: }
Starting ChromeDriver 104.0.5112.29 (eff877e18f767c77fef0481a1cba402c8cbad404-refs/branch-heads/5112@{#422}) on port 8903
Only local connections are allowed.
Please see https://chromedriver.chromium.org/security-considerations for suggestions on keeping ChromeDriver safe.
ChromeDriver was started successfully.
ago 02, 2022 9:38:12 PM org.openqa.selenium.remote.ProtocolHandshake createSession
INFORMACIÓN: Detected dialect: W3C
[Test worker] INFO  - 
        __    _____ _____ ____ _____   ____   _    ____  ____  _____ ____  
  _     \ \  |_   _| ____/ ___|_   _| |  _ \ / \  / ___|/ ___|| ____|  _ \ 
 (_)_____| |   | | |  _| \___ \ | |   | |_) / _ \ \___ \\___ \|  _| | | | |
  _|_____| |   | | | |___ ___) || |   |  __/ ___ \ ___) |___) | |___| |_| |
 (_)     | |   |_| |_____|____/ |_|   |_| /_/   \_\____/|____/|_____|____/ 
        /_/                                                                

Validate the generation of a pdf file
----------------------------------------------------------------------------
]]></system-err>
</testsuite>
